<?xml version="1.0" encoding="utf-8"?><testsuites name="pytest tests"><testsuite name="pytest" errors="0" failures="0" skipped="0" tests="9" time="1.861" timestamp="2026-02-15T13:14:34.468693+00:00" hostname="agent-env-34d3230f-cfc6-402a-b92c-ef0be956e041"><testcase classname="tests.test_evidence_upload.TestEvidenceUpload" name="test_upload_evidence_success" time="0.777" /><testcase classname="tests.test_evidence_upload.TestEvidenceUpload" name="test_upload_evidence_invalid_inspection_id" time="0.103" /><testcase classname="tests.test_evidence_upload.TestEvidenceUpload" name="test_upload_evidence_no_file" time="0.106" /><testcase classname="tests.test_evidence_upload.TestEvidenceUpload" name="test_upload_evidence_unauthorized" time="0.108" /><testcase classname="tests.test_evidence_upload.TestPendingEvidence" name="test_get_pending_evidence_success" time="0.191" /><testcase classname="tests.test_evidence_upload.TestPendingEvidence" name="test_get_pending_evidence_invalid_inspection" time="0.062" /><testcase classname="tests.test_evidence_upload.TestEvidenceFindings" name="test_create_evidence_finding_success" time="0.264" /><testcase classname="tests.test_evidence_upload.TestEvidenceFindings" name="test_create_evidence_finding_invalid_inspection" time="0.056" /><testcase classname="tests.test_evidence_upload.TestEvidenceFindingsList" name="test_get_evidence_findings_list" time="0.074" /></testsuite></testsuites>